*** Using Compiler 'V5.06 update 7 (build 960)', folder: 'C:\Keil_v5\ARM\ARMCC\Bin'
Rebuild target 'Target 1'
assembling startup_stm32f10x_hd.s...
compiling core_cm3.c...
compiling misc.c...
compiling system_stm32f10x.c...
compiling stm32f10x_adc.c...
compiling stm32f10x_exti.c...
compiling stm32f10x_dma.c...
compiling stm32f10x_gpio.c...
compiling stm32f10x_flash.c...
compiling croutine.c...
compiling event_groups.c...
compiling heap_4.c...
compiling stm32f10x_rcc.c...
compiling port.c...
compiling stm32f10x_spi.c...
compiling list.c...
compiling stm32f10x_usart.c...
compiling stream_buffer.c...
compiling queue.c...
compiling timers.c...
compiling stm32f10x_tim.c...
compiling tasks.c...
compiling main.c...
compiling user.c...
compiling self_stm32f10x.c...
compiling stm32f10x_it.c...
compiling bsp_spi.c...
compiling isr.c...
compiling bsp_usart.c...
compiling bsp_i2c.c...
compiling bsp_adc.c...
compiling bsp_key.c...
compiling bsp_pwm.c...
compiling nrf24l01.c...
compiling oled.c...
compiling vofa_p.c...
compiling mpu9250.c...
linking...
Program Size: Code=20572 RO-data=376 RW-data=2324 ZI-data=33668  
FromELF: creating hex file...
".\Objects\fly_demo.axf" - 0 Error(s), 0 Warning(s).
Build Time Elapsed:  00:00:08
